<?xml version="1.0" encoding="UTF-8" ?>
<testsuite tests="5" failures="0" name="com.nixsolutions.jdbc.RoleDaoTest" time="0.935" errors="0" skipped="0">
  <properties>
[...]
</properties>
  <testcase classname="com.nixsolutions.jdbc.RoleDaoTest" name="testShouldSaveBook" time="0.549"/>
  <testcase classname="com.nixsolutions.jdbc.RoleDaoTest" name="testShouldUpdateDataByID" time="0.116"/>
  <testcase classname="com.nixsolutions.jdbc.RoleDaoTest" name="testShouldDeleteDataByID" time="0.14"/>
  <testcase classname="com.nixsolutions.jdbc.RoleDaoTest" name="testShouldGetRecordByID" time="0.04"/>
  <testcase classname="com.nixsolutions.jdbc.RoleDaoTest" name="testShouldGetAllData" time="0.09"/>
</testsuite>